[INFO] Gerando df_idx (pares balanceados com split por autor)...
[OK] df_idx salvo em: resultados_siamese_mlp/df_idx_gerado.csv

==== MEAN | TUNING (Optuna, 30 trials) ====
[I 2025-09-23 09:33:04,021] Trial 0 finished with value: 0.9218557433689529 and parameters: {'depth': 3, 'width': 768, 'proj_dim': 256, 'activation': 'relu', 'use_layernorm': True, 'lr': 0.0001948849366056738, 'weight_decay': 9.641448119377922e-06, 'batch_size': 1024, 'temperature': 0.08025269368337824}. Best is trial 0 with value: 0.9218557433689529.
[I 2025-09-23 09:33:28,105] Trial 1 finished with value: 0.9126083856503612 and parameters: {'depth': 3, 'width': 768, 'proj_dim': 128, 'activation': 'gelu', 'use_layernorm': True, 'lr': 0.00023028118943171875, 'weight_decay': 0.00010697171660904212, 'batch_size': 512, 'temperature': 0.08971749261823828}. Best is trial 0 with value: 0.9218557433689529.
[I 2025-09-23 09:33:45,184] Trial 2 finished with value: 0.9442959975785417 and parameters: {'depth': 3, 'width': 768, 'proj_dim': 128, 'activation': 'gelu', 'use_layernorm': True, 'lr': 0.00021295625666058153, 'weight_decay': 3.9981141303578466e-05, 'batch_size': 1024, 'temperature': 0.3905706024206462}. Best is trial 2 with value: 0.9442959975785417.
[I 2025-09-23 09:34:02,165] Trial 3 finished with value: 0.9069166632952087 and parameters: {'depth': 3, 'width': 256, 'proj_dim': 128, 'activation': 'gelu', 'use_layernorm': True, 'lr': 0.002373701335070767, 'weight_decay': 0.00023390388945338604, 'batch_size': 512, 'temperature': 0.35776386912591274}. Best is trial 2 with value: 0.9442959975785417.
[I 2025-09-23 09:34:20,164] Trial 4 finished with value: 0.9409023536098433 and parameters: {'depth': 3, 'width': 512, 'proj_dim': 256, 'activation': 'gelu', 'use_layernorm': True, 'lr': 0.00023513840622981928, 'weight_decay': 5.108320173166468e-06, 'batch_size': 1024, 'temperature': 0.26787952226950845}. Best is trial 2 with value: 0.9442959975785417.
[I 2025-09-23 09:34:36,292] Trial 5 finished with value: 0.922005348578336 and parameters: {'depth': 3, 'width': 256, 'proj_dim': 128, 'activation': 'gelu', 'use_layernorm': True, 'lr': 0.000296708134645387, 'weight_decay': 5.155021063361701e-05, 'batch_size': 1024, 'temperature': 0.1989190350530933}. Best is trial 2 with value: 0.9442959975785417.
[I 2025-09-23 09:35:01,442] Trial 6 finished with value: 0.9284907696524336 and parameters: {'depth': 1, 'width': 512, 'proj_dim': 128, 'activation': 'gelu', 'use_layernorm': True, 'lr': 0.000501296049971265, 'weight_decay': 0.0002740820499978908, 'batch_size': 256, 'temperature': 0.1342042408653454}. Best is trial 2 with value: 0.9442959975785417.
[I 2025-09-23 09:35:15,311] Trial 7 finished with value: 0.9416834473093049 and parameters: {'depth': 2, 'width': 512, 'proj_dim': 128, 'activation': 'relu', 'use_layernorm': True, 'lr': 0.0002667081907628113, 'weight_decay': 2.898613727164591e-06, 'batch_size': 1024, 'temperature': 0.3203986028938799}. Best is trial 2 with value: 0.9442959975785417.
[I 2025-09-23 09:36:01,711] Trial 8 finished with value: 0.9458285874950567 and parameters: {'depth': 1, 'width': 512, 'proj_dim': 256, 'activation': 'gelu', 'use_layernorm': True, 'lr': 5.7037306615350164e-05, 'weight_decay': 7.441997765310132e-06, 'batch_size': 1024, 'temperature': 0.16234846053424615}. Best is trial 8 with value: 0.9458285874950567.
[I 2025-09-23 09:36:17,475] Trial 9 finished with value: 0.9099379440946649 and parameters: {'depth': 2, 'width': 512, 'proj_dim': 256, 'activation': 'gelu', 'use_layernorm': True, 'lr': 0.0019207111700068739, 'weight_decay': 4.370600112907121e-06, 'batch_size': 512, 'temperature': 0.23203308424330993}. Best is trial 8 with value: 0.9458285874950567.
[I 2025-09-23 09:36:55,476] Trial 10 finished with value: 0.9432174076467975 and parameters: {'depth': 1, 'width': 512, 'proj_dim': 256, 'activation': 'relu', 'use_layernorm': True, 'lr': 5.3204374908487455e-05, 'weight_decay': 0.002856750437841381, 'batch_size': 256, 'temperature': 0.1428200755012836}. Best is trial 8 with value: 0.9458285874950567.
[I 2025-09-23 09:37:39,275] Trial 11 finished with value: 0.9506000985132416 and parameters: {'depth': 1, 'width': 768, 'proj_dim': 256, 'activation': 'gelu', 'use_layernorm': True, 'lr': 6.237039816601181e-05, 'weight_decay': 2.856200459298982e-05, 'batch_size': 1024, 'temperature': 0.46969003884496696}. Best is trial 11 with value: 0.9506000985132416.
[I 2025-09-23 09:38:20,708] Trial 12 finished with value: 0.9445077225387504 and parameters: {'depth': 1, 'width': 768, 'proj_dim': 256, 'activation': 'gelu', 'use_layernorm': True, 'lr': 5.0000286560574825e-05, 'weight_decay': 1.1818137299777865e-06, 'batch_size': 1024, 'temperature': 0.14226365677882075}. Best is trial 11 with value: 0.9506000985132416.
[I 2025-09-23 09:39:07,816] Trial 13 finished with value: 0.9517111528148356 and parameters: {'depth': 1, 'width': 768, 'proj_dim': 256, 'activation': 'gelu', 'use_layernorm': True, 'lr': 9.08144025491857e-05, 'weight_decay': 1.9009782115192672e-05, 'batch_size': 1024, 'temperature': 0.45257059687431095}. Best is trial 13 with value: 0.9517111528148356.
[I 2025-09-23 09:39:52,646] Trial 14 finished with value: 0.9518548973924558 and parameters: {'depth': 1, 'width': 768, 'proj_dim': 256, 'activation': 'relu', 'use_layernorm': True, 'lr': 0.00010900626840898307, 'weight_decay': 2.5260001361566898e-05, 'batch_size': 1024, 'temperature': 0.4855114883533965}. Best is trial 14 with value: 0.9518548973924558.
[I 2025-09-23 09:40:14,303] Trial 15 finished with value: 0.9542351115087518 and parameters: {'depth': 1, 'width': 768, 'proj_dim': 256, 'activation': 'relu', 'use_layernorm': True, 'lr': 0.00011122961998491955, 'weight_decay': 2.4417861802904193e-05, 'batch_size': 256, 'temperature': 0.49464151163150144}. Best is trial 15 with value: 0.9542351115087518.
[I 2025-09-23 09:40:36,608] Trial 16 finished with value: 0.9517022042992822 and parameters: {'depth': 1, 'width': 768, 'proj_dim': 256, 'activation': 'relu', 'use_layernorm': True, 'lr': 0.00012155194966467107, 'weight_decay': 0.0006938936014385135, 'batch_size': 256, 'temperature': 0.2862291325718684}. Best is trial 15 with value: 0.9542351115087518.
[I 2025-09-23 09:40:51,350] Trial 17 finished with value: 0.9480840332127582 and parameters: {'depth': 1, 'width': 768, 'proj_dim': 256, 'activation': 'relu', 'use_layernorm': True, 'lr': 0.0006458682605634226, 'weight_decay': 0.00011883568225918704, 'batch_size': 256, 'temperature': 0.48648953987593113}. Best is trial 15 with value: 0.9542351115087518.
[I 2025-09-23 09:41:10,173] Trial 18 finished with value: 0.948374144378203 and parameters: {'depth': 2, 'width': 256, 'proj_dim': 256, 'activation': 'relu', 'use_layernorm': True, 'lr': 0.00012542184212183216, 'weight_decay': 1.3416917352364253e-05, 'batch_size': 256, 'temperature': 0.3937041435755285}. Best is trial 15 with value: 0.9542351115087518.
[I 2025-09-23 09:41:21,717] Trial 19 finished with value: 0.9397897587636702 and parameters: {'depth': 1, 'width': 768, 'proj_dim': 256, 'activation': 'relu', 'use_layernorm': True, 'lr': 0.000877097773538589, 'weight_decay': 1.2970270444113112e-06, 'batch_size': 256, 'temperature': 0.23143459141543704}. Best is trial 15 with value: 0.9542351115087518.
[I 2025-09-23 09:41:45,660] Trial 20 finished with value: 0.9420118995414478 and parameters: {'depth': 1, 'width': 768, 'proj_dim': 256, 'activation': 'relu', 'use_layernorm': True, 'lr': 0.00012293365874538356, 'weight_decay': 0.00011420237696663471, 'batch_size': 256, 'temperature': 0.10520865829850035}. Best is trial 15 with value: 0.9542351115087518.
[I 2025-09-23 09:42:30,911] Trial 21 finished with value: 0.9504126936437695 and parameters: {'depth': 1, 'width': 768, 'proj_dim': 256, 'activation': 'relu', 'use_layernorm': True, 'lr': 8.936103561273185e-05, 'weight_decay': 2.1462108213263693e-05, 'batch_size': 1024, 'temperature': 0.48904534301061686}. Best is trial 15 with value: 0.9542351115087518.
[I 2025-09-23 09:43:16,701] Trial 22 finished with value: 0.9538484088001724 and parameters: {'depth': 1, 'width': 768, 'proj_dim': 256, 'activation': 'relu', 'use_layernorm': True, 'lr': 8.975286517606696e-05, 'weight_decay': 2.1227268670290068e-05, 'batch_size': 1024, 'temperature': 0.41107120303420286}. Best is trial 15 with value: 0.9542351115087518.
[I 2025-09-23 09:43:38,831] Trial 23 finished with value: 0.953173823191516 and parameters: {'depth': 1, 'width': 768, 'proj_dim': 256, 'activation': 'relu', 'use_layernorm': True, 'lr': 0.00015624445900489975, 'weight_decay': 6.783779305485782e-05, 'batch_size': 512, 'temperature': 0.3535941805302587}. Best is trial 15 with value: 0.9542351115087518.
[I 2025-09-23 09:43:55,578] Trial 24 finished with value: 0.9511426263890772 and parameters: {'depth': 1, 'width': 768, 'proj_dim': 256, 'activation': 'relu', 'use_layernorm': True, 'lr': 0.00016291025536723875, 'weight_decay': 5.2597770194161166e-05, 'batch_size': 512, 'temperature': 0.3340358748679122}. Best is trial 15 with value: 0.9542351115087518.
[I 2025-09-23 09:44:24,502] Trial 25 finished with value: 0.9463186075789007 and parameters: {'depth': 2, 'width': 256, 'proj_dim': 256, 'activation': 'relu', 'use_layernorm': True, 'lr': 7.727260380752216e-05, 'weight_decay': 0.0002742276858479874, 'batch_size': 512, 'temperature': 0.39978526633716893}. Best is trial 15 with value: 0.9542351115087518.
[I 2025-09-23 09:44:38,170] Trial 26 finished with value: 0.9486752215839936 and parameters: {'depth': 1, 'width': 768, 'proj_dim': 256, 'activation': 'relu', 'use_layernorm': True, 'lr': 0.000377791740812566, 'weight_decay': 7.616038500951326e-05, 'batch_size': 512, 'temperature': 0.2906104239232791}. Best is trial 15 with value: 0.9542351115087518.
[I 2025-09-23 09:44:57,136] Trial 27 finished with value: 0.9535372717256823 and parameters: {'depth': 1, 'width': 768, 'proj_dim': 256, 'activation': 'relu', 'use_layernorm': True, 'lr': 0.00015832837471975705, 'weight_decay': 1.4067380162140297e-05, 'batch_size': 512, 'temperature': 0.4038718268248068}. Best is trial 15 with value: 0.9542351115087518.
[I 2025-09-23 09:45:13,509] Trial 28 finished with value: 0.9492370424266963 and parameters: {'depth': 1, 'width': 768, 'proj_dim': 256, 'activation': 'relu', 'use_layernorm': True, 'lr': 0.00016837642649147902, 'weight_decay': 2.036717977290677e-06, 'batch_size': 256, 'temperature': 0.4170325430180118}. Best is trial 15 with value: 0.9542351115087518.
[I 2025-09-23 09:45:41,768] Trial 29 finished with value: 0.9464383495257975 and parameters: {'depth': 2, 'width': 768, 'proj_dim': 256, 'activation': 'relu', 'use_layernorm': True, 'lr': 8.160393830835331e-05, 'weight_decay': 1.1019591958631026e-05, 'batch_size': 512, 'temperature': 0.24503654883784334}. Best is trial 15 with value: 0.9542351115087518.
[OK] Melhores hiperparâmetros salvos em: resultados_siamese_mlp/mean_best_params.txt

==== MEAN | TREINO FINAL ====
MÉTRICAS NO TEST:
accuracy: 0.7592
f1: 0.8040
roc_auc: 0.9543
ap: 0.9529
[OK] Modelo salvo em: resultados_siamese_mlp/siamese_mlp_mean.pt

==== CLS | TUNING (Optuna, 30 trials) ====
[I 2025-09-23 09:47:31,962] Trial 0 finished with value: 0.9235864606992247 and parameters: {'depth': 3, 'width': 768, 'proj_dim': 256, 'activation': 'relu', 'use_layernorm': True, 'lr': 0.0001948849366056738, 'weight_decay': 9.641448119377922e-06, 'batch_size': 1024, 'temperature': 0.08025269368337824}. Best is trial 0 with value: 0.9235864606992247.
[I 2025-09-23 09:47:46,854] Trial 1 finished with value: 0.910420733247584 and parameters: {'depth': 3, 'width': 768, 'proj_dim': 128, 'activation': 'gelu', 'use_layernorm': True, 'lr': 0.00023028118943171875, 'weight_decay': 0.00010697171660904212, 'batch_size': 512, 'temperature': 0.08971749261823828}. Best is trial 0 with value: 0.9235864606992247.
[I 2025-09-23 09:48:06,324] Trial 2 finished with value: 0.9348739383004264 and parameters: {'depth': 3, 'width': 768, 'proj_dim': 128, 'activation': 'gelu', 'use_layernorm': True, 'lr': 0.00021295625666058153, 'weight_decay': 3.9981141303578466e-05, 'batch_size': 1024, 'temperature': 0.3905706024206462}. Best is trial 2 with value: 0.9348739383004264.
[I 2025-09-23 09:48:40,404] Trial 3 finished with value: 0.9027075165376781 and parameters: {'depth': 3, 'width': 256, 'proj_dim': 128, 'activation': 'gelu', 'use_layernorm': True, 'lr': 0.002373701335070767, 'weight_decay': 0.00023390388945338604, 'batch_size': 512, 'temperature': 0.35776386912591274}. Best is trial 2 with value: 0.9348739383004264.
[I 2025-09-23 09:49:05,097] Trial 4 finished with value: 0.936423662214332 and parameters: {'depth': 3, 'width': 512, 'proj_dim': 256, 'activation': 'gelu', 'use_layernorm': True, 'lr': 0.00023513840622981928, 'weight_decay': 5.108320173166468e-06, 'batch_size': 1024, 'temperature': 0.26787952226950845}. Best is trial 4 with value: 0.936423662214332.
[I 2025-09-23 09:49:34,238] Trial 5 finished with value: 0.9243912713516382 and parameters: {'depth': 3, 'width': 256, 'proj_dim': 128, 'activation': 'gelu', 'use_layernorm': True, 'lr': 0.000296708134645387, 'weight_decay': 5.155021063361701e-05, 'batch_size': 1024, 'temperature': 0.1989190350530933}. Best is trial 4 with value: 0.936423662214332.
[I 2025-09-23 09:49:50,605] Trial 6 finished with value: 0.9321473401675631 and parameters: {'depth': 1, 'width': 512, 'proj_dim': 128, 'activation': 'gelu', 'use_layernorm': True, 'lr': 0.000501296049971265, 'weight_decay': 0.0002740820499978908, 'batch_size': 256, 'temperature': 0.1342042408653454}. Best is trial 4 with value: 0.936423662214332.
[I 2025-09-23 09:50:19,053] Trial 7 finished with value: 0.9437298485668353 and parameters: {'depth': 2, 'width': 512, 'proj_dim': 128, 'activation': 'relu', 'use_layernorm': True, 'lr': 0.0002667081907628113, 'weight_decay': 2.898613727164591e-06, 'batch_size': 1024, 'temperature': 0.3203986028938799}. Best is trial 7 with value: 0.9437298485668353.
[I 2025-09-23 09:51:21,239] Trial 8 finished with value: 0.9430893496042237 and parameters: {'depth': 1, 'width': 512, 'proj_dim': 256, 'activation': 'gelu', 'use_layernorm': True, 'lr': 5.7037306615350164e-05, 'weight_decay': 7.441997765310132e-06, 'batch_size': 1024, 'temperature': 0.16234846053424615}. Best is trial 7 with value: 0.9437298485668353.
[I 2025-09-23 09:51:46,420] Trial 9 finished with value: 0.9163214699002366 and parameters: {'depth': 2, 'width': 512, 'proj_dim': 256, 'activation': 'gelu', 'use_layernorm': True, 'lr': 0.0019207111700068739, 'weight_decay': 4.370600112907121e-06, 'batch_size': 512, 'temperature': 0.23203308424330993}. Best is trial 7 with value: 0.9437298485668353.
[I 2025-09-23 09:52:05,134] Trial 10 finished with value: 0.9326146230200744 and parameters: {'depth': 2, 'width': 512, 'proj_dim': 128, 'activation': 'relu', 'use_layernorm': True, 'lr': 0.0007831704131708074, 'weight_decay': 0.002856750437841381, 'batch_size': 256, 'temperature': 0.4792656692293105}. Best is trial 7 with value: 0.9437298485668353.
[I 2025-09-23 09:53:15,728] Trial 11 finished with value: 0.9415961962899598 and parameters: {'depth': 1, 'width': 512, 'proj_dim': 256, 'activation': 'relu', 'use_layernorm': True, 'lr': 6.383882242596019e-05, 'weight_decay': 1.0363513026195977e-06, 'batch_size': 1024, 'temperature': 0.14051447641471396}. Best is trial 7 with value: 0.9437298485668353.
[I 2025-09-23 09:54:05,717] Trial 12 finished with value: 0.9438546924174974 and parameters: {'depth': 1, 'width': 512, 'proj_dim': 256, 'activation': 'relu', 'use_layernorm': True, 'lr': 5.0000286560574913e-05, 'weight_decay': 1.0659983997672577e-06, 'batch_size': 1024, 'temperature': 0.14371121127011544}. Best is trial 12 with value: 0.9438546924174974.
[I 2025-09-23 09:54:53,412] Trial 13 finished with value: 0.9323428416360489 and parameters: {'depth': 2, 'width': 512, 'proj_dim': 256, 'activation': 'relu', 'use_layernorm': True, 'lr': 9.89383312996752e-05, 'weight_decay': 1.1957425530918746e-06, 'batch_size': 1024, 'temperature': 0.11239558197927443}. Best is trial 12 with value: 0.9438546924174974.
[I 2025-09-23 09:55:51,413] Trial 14 finished with value: 0.9475395043587465 and parameters: {'depth': 1, 'width': 512, 'proj_dim': 128, 'activation': 'relu', 'use_layernorm': True, 'lr': 0.00011417992758079624, 'weight_decay': 2.3590989494070784e-06, 'batch_size': 1024, 'temperature': 0.29347499070482297}. Best is trial 14 with value: 0.9475395043587465.
[I 2025-09-23 09:56:36,827] Trial 15 finished with value: 0.9427468878744139 and parameters: {'depth': 1, 'width': 256, 'proj_dim': 256, 'activation': 'relu', 'use_layernorm': True, 'lr': 9.975944898707021e-05, 'weight_decay': 1.99807327846568e-05, 'batch_size': 256, 'temperature': 0.18874728227922755}. Best is trial 14 with value: 0.9475395043587465.
[I 2025-09-23 09:57:27,463] Trial 16 finished with value: 0.9461468235376953 and parameters: {'depth': 1, 'width': 512, 'proj_dim': 128, 'activation': 'relu', 'use_layernorm': True, 'lr': 0.00010755201025481229, 'weight_decay': 1.8098679998506602e-06, 'batch_size': 1024, 'temperature': 0.2599658104524182}. Best is trial 14 with value: 0.9475395043587465.
[I 2025-09-23 09:58:19,956] Trial 17 finished with value: 0.9483889411934149 and parameters: {'depth': 1, 'width': 512, 'proj_dim': 128, 'activation': 'relu', 'use_layernorm': True, 'lr': 0.0001144981428907788, 'weight_decay': 1.9441463476582707e-05, 'batch_size': 1024, 'temperature': 0.25616289648884233}. Best is trial 17 with value: 0.9483889411934149.
[I 2025-09-23 09:58:52,753] Trial 18 finished with value: 0.9540113240524989 and parameters: {'depth': 1, 'width': 768, 'proj_dim': 128, 'activation': 'relu', 'use_layernorm': True, 'lr': 0.00013535567230930925, 'weight_decay': 1.702427310428326e-05, 'batch_size': 512, 'temperature': 0.4729633409222479}. Best is trial 18 with value: 0.9540113240524989.
[I 2025-09-23 09:59:12,124] Trial 19 finished with value: 0.9419489713016103 and parameters: {'depth': 1, 'width': 768, 'proj_dim': 128, 'activation': 'relu', 'use_layernorm': True, 'lr': 0.000458884051127425, 'weight_decay': 1.5571354486145265e-05, 'batch_size': 512, 'temperature': 0.4995780472636885}. Best is trial 18 with value: 0.9540113240524989.
[I 2025-09-23 09:59:39,114] Trial 20 finished with value: 0.9445053598320624 and parameters: {'depth': 1, 'width': 768, 'proj_dim': 128, 'activation': 'relu', 'use_layernorm': True, 'lr': 0.0008174247906583002, 'weight_decay': 0.0006806987077971912, 'batch_size': 512, 'temperature': 0.3903867228836968}. Best is trial 18 with value: 0.9540113240524989.
[I 2025-09-23 10:00:14,694] Trial 21 finished with value: 0.95031347440175 and parameters: {'depth': 1, 'width': 768, 'proj_dim': 128, 'activation': 'relu', 'use_layernorm': True, 'lr': 0.00013536157977271141, 'weight_decay': 2.2440662545439412e-05, 'batch_size': 512, 'temperature': 0.3003776752732779}. Best is trial 18 with value: 0.9540113240524989.
[I 2025-09-23 10:00:45,965] Trial 22 finished with value: 0.9496964514515941 and parameters: {'depth': 1, 'width': 768, 'proj_dim': 128, 'activation': 'relu', 'use_layernorm': True, 'lr': 0.00014812047636072288, 'weight_decay': 2.2141902038927836e-05, 'batch_size': 512, 'temperature': 0.22676831780543757}. Best is trial 18 with value: 0.9540113240524989.
[I 2025-09-23 10:01:29,437] Trial 23 finished with value: 0.9457332429226761 and parameters: {'depth': 1, 'width': 768, 'proj_dim': 128, 'activation': 'relu', 'use_layernorm': True, 'lr': 0.00015099567806052682, 'weight_decay': 3.294287951466769e-05, 'batch_size': 512, 'temperature': 0.21074762778216133}. Best is trial 18 with value: 0.9540113240524989.
[I 2025-09-23 10:01:58,740] Trial 24 finished with value: 0.9454615002466105 and parameters: {'depth': 1, 'width': 768, 'proj_dim': 128, 'activation': 'relu', 'use_layernorm': True, 'lr': 0.00015303864696173997, 'weight_decay': 9.022971259989811e-05, 'batch_size': 512, 'temperature': 0.43025077567011794}. Best is trial 18 with value: 0.9540113240524989.
[I 2025-09-23 10:02:34,795] Trial 25 finished with value: 0.9492924932561545 and parameters: {'depth': 1, 'width': 768, 'proj_dim': 128, 'activation': 'relu', 'use_layernorm': True, 'lr': 7.355758076362126e-05, 'weight_decay': 1.3507651597318614e-05, 'batch_size': 512, 'temperature': 0.31779230517035306}. Best is trial 18 with value: 0.9540113240524989.
[I 2025-09-23 10:02:59,604] Trial 26 finished with value: 0.9516271624373372 and parameters: {'depth': 1, 'width': 768, 'proj_dim': 128, 'activation': 'relu', 'use_layernorm': True, 'lr': 0.0003819204940737301, 'weight_decay': 9.726926064618998e-05, 'batch_size': 512, 'temperature': 0.32770967525315253}. Best is trial 18 with value: 0.9540113240524989.
[I 2025-09-23 10:03:19,845] Trial 27 finished with value: 0.9495886556602966 and parameters: {'depth': 1, 'width': 768, 'proj_dim': 128, 'activation': 'relu', 'use_layernorm': True, 'lr': 0.00035650185337728735, 'weight_decay': 9.251540842060569e-05, 'batch_size': 512, 'temperature': 0.34376786815449445}. Best is trial 18 with value: 0.9540113240524989.
[I 2025-09-23 10:03:43,162] Trial 28 finished with value: 0.9471888195942596 and parameters: {'depth': 1, 'width': 768, 'proj_dim': 128, 'activation': 'relu', 'use_layernorm': True, 'lr': 0.0006839599225997719, 'weight_decay': 0.00028497222888046046, 'batch_size': 512, 'temperature': 0.44417263244169336}. Best is trial 18 with value: 0.9540113240524989.
[I 2025-09-23 10:04:05,776] Trial 29 finished with value: 0.9292863402899321 and parameters: {'depth': 2, 'width': 768, 'proj_dim': 128, 'activation': 'relu', 'use_layernorm': True, 'lr': 0.0010202212269374148, 'weight_decay': 1.117244719002465e-05, 'batch_size': 512, 'temperature': 0.3951153298410303}. Best is trial 18 with value: 0.9540113240524989.
[OK] Melhores hiperparâmetros salvos em: resultados_siamese_mlp/cls_best_params.txt

==== CLS | TREINO FINAL ====
MÉTRICAS NO TEST:
accuracy: 0.7601
f1: 0.8045
roc_auc: 0.9460
ap: 0.9439
[OK] Modelo salvo em: resultados_siamese_mlp/siamese_mlp_cls.pt
